
*** Running vivado
    with args -log DataMemory.vds -m64 -product Vivado -mode batch -messageDb vivado.pb -notrace -source DataMemory.tcl



****** Vivado v2024.1 (64-bit)
  **** SW Build 5076996 on Wed May 22 18:37:14 MDT 2024
  **** IP Build 5075265 on Wed May 22 21:45:21 MDT 2024
  **** SharedData Build 5076995 on Wed May 22 18:29:18 MDT 2024
  **** Start of session at: Fri Dec 20 21:58:55 2024
    ** Copyright 1986-2022 Xilinx, Inc. All Rights Reserved.
    ** Copyright 2022-2024 Advanced Micro Devices, Inc. All Rights Reserved.

source DataMemory.tcl -notrace
create_project: Time (s): cpu = 00:00:03 ; elapsed = 00:00:09 . Memory (MB): peak = 507.695 ; gain = 201.723
Command: synth_design -top DataMemory -part xc7z020clg400-1
Starting synth_design
Attempting to get a license for feature 'Synthesis' and/or device 'xc7z020'
INFO: [Common 17-349] Got license for feature 'Synthesis' and/or device 'xc7z020'
INFO: [Device 21-403] Loading part xc7z020clg400-1
INFO: [Device 21-9227] Part: xc7z020clg400-1 does not have CEAM library.
INFO: [Synth 8-7079] Multithreading enabled for synth_design using a maximum of 2 processes.
INFO: [Synth 8-7078] Launching helper process for spawning children vivado processes
INFO: [Synth 8-7075] Helper process launched with PID 16860
---------------------------------------------------------------------------------
Starting RTL Elaboration : Time (s): cpu = 00:00:02 ; elapsed = 00:00:04 . Memory (MB): peak = 1388.297 ; gain = 447.188
---------------------------------------------------------------------------------
INFO: [Synth 8-6157] synthesizing module 'DataMemory' [E:/LogicDesign_Project/LogicDesign_Project/LogicDesign_Project.srcs/sources_1/new/DataMemory.v:23]
WARNING: [Synth 8-567] referenced signal 'DMemory' should be on the sensitivity list [E:/LogicDesign_Project/LogicDesign_Project/LogicDesign_Project.srcs/sources_1/new/DataMemory.v:40]
INFO: [Synth 8-6155] done synthesizing module 'DataMemory' (0#1) [E:/LogicDesign_Project/LogicDesign_Project/LogicDesign_Project.srcs/sources_1/new/DataMemory.v:23]
